[2025-01-05T18:01:12.375435]Zwierze umieszczone na pozycji (2,3)
 y\x  0 1 2 3 4 5 6 7 8 9
 11: ---------------------
 10: | | | | | | | | | |*|
  9: | | | | | | | | | |*|
  8: | | | | | | | | |*| |
  7: | | | |*| | | |*| | |
  6: | | |*| | | | | | | |
  5: | | | | | | | |*| | |
  4: | | | | | | | | | | |
  3: | | |^| | | | | |*| |
  2: | | | | | | | | | | |
  1: | | | | | | | | | | |
  0: | | | | | | | |*| |*|
 -1: ---------------------

[2025-01-05T18:01:12.401435]Zwierze umieszczone na pozycji (9,4)
 y\x  0 1 2 3 4 5 6 7 8 9
 11: ---------------------
 10: | | | | | | | | | |*|
  9: | | | | | | | | | |*|
  8: | | | | | | | | |*| |
  7: | | | |*| | | |*| | |
  6: | | |*| | | | | | | |
  5: | | | | | | | |*| | |
  4: | | | | | | | | | |^|
  3: | | |^| | | | | |*| |
  2: | | | | | | | | | | |
  1: | | | | | | | | | | |
  0: | | | | | | | |*| |*|
 -1: ---------------------

