[2025-01-07T18:43:57.825556]Zwierze umieszczone na pozycji (2,3)
 y\x  0 1 2 3 4 5 6 7 8 9
 10: ---------------------
  9: | |*| | |*|*| | | | |
  8: | | | | | | | | | | |
  7: | | | | |*| | | | | |
  6: | | | | | | |*| | |*|
  5: | | | | | | | | | |*|
  4: | | | | |*| | |*| | |
  3: | | |^| | | |*| | | |
  2: | | | | | | | | | | |
  1: | | | | | | | | | | |
  0: | | | | | | | | | | |
 -1: ---------------------

[2025-01-07T18:43:57.856806900]Zwierze umieszczone na pozycji (9,4)
 y\x  0 1 2 3 4 5 6 7 8 9
 10: ---------------------
  9: | |*| | |*|*| | | | |
  8: | | | | | | | | | | |
  7: | | | | |*| | | | | |
  6: | | | | | | |*| | |*|
  5: | | | | | | | | | |*|
  4: | | | | |*| | |*| |^|
  3: | | |^| | | |*| | | |
  2: | | | | | | | | | | |
  1: | | | | | | | | | | |
  0: | | | | | | | | | | |
 -1: ---------------------

